Arguments: 
  C:\Program Files\nodejs\node.exe C:\Program Files (x86)\Yarn\bin\yarn.js

PATH: 
  C:\php\;C:\Python27\;C:\Python27\Scripts;C:\WINDOWS\system32;C:\WINDOWS;C:\WINDOWS\System32\Wbem;C:\WINDOWS\System32\WindowsPowerShell\v1.0\;C:\WINDOWS\System32\OpenSSH\;C:\Program Files\Git\cmd;C:\ProgramData\chocolatey\bin;C:\Program Files (x86)\Yarn\bin\;C:\Program Files\nodejs\;C:\Ruby26-x64\bin;C:\Users\Султан\AppData\Local\Programs\Python\Python37-32\Scripts\;C:\Users\Султан\AppData\Local\Programs\Python\Python37-32\;C:\Users\Султан\AppData\Local\Microsoft\WindowsApps;C:\Users\Султан\AppData\Local\Programs\Microsoft VS Code\bin;C:\Program Files\JetBrains\WebStorm 2019.2\bin;C:\Users\Султан\AppData\Local\GitHubDesktop\bin;C:\Users\Султан\AppData\Local\Yarn\bin;C:\Users\Султан\AppData\Roaming\npm;C:\Program Files (x86)\FAHClient;C:\Program Files\JetBrains\PhpStorm 2020.1\bin;

Yarn version: 
  1.22.0

Node version: 
  10.19.0

Platform: 
  win32 x64

Trace: 
  Error: getaddrinfo ENOTFOUND registry.yarnpkg.com registry.yarnpkg.com:443
      at GetAddrInfoReqWrap.onlookup [as oncomplete] (dns.js:56:26)

npm manifest: 
  {
  	"name": "optimizedhtml",
  	"version": "4.0.0",
  	"description": "OptimizedHTML 4 - Start HTML Template",
  	"main": "index.js",
  	"scripts": {
  		"test": "echo \"Error: no test specified\" && exit 1"
  	},
  	"author": "WebDesign Master",
  	"license": "ISC",
  	"devDependencies": {
  		"browser-sync": "^2.26.7",
  		"del": "^5.1.0",
  		"gulp": "^4.0.2",
  		"gulp-autoprefixer": "^7.0.1",
  		"gulp-clean-css": "^4.3.0",
  		"gulp-concat": "^2.6.1",
  		"gulp-image-resize": "^0.13.1",
  		"gulp-imagemin": "^7.1.0",
  		"gulp-notify": "^3.2.0",
  		"gulp-rename": "^2.0.0",
  		"gulp-rsync": "0.0.9",
  		"gulp-sass": "^4.1.0",
  		"gulp-uglify": "^3.0.2"
  	}
  }

yarn manifest: 
  No manifest

Lockfile: 
  No lockfile
